<?xml version="1.0" encoding="UTF-8"?>
<testng-results ignored="0" total="1" passed="1" failed="0" skipped="0">
  <reporter-output>
  </reporter-output>
  <suite started-at="2023-03-11T11:15:57 IST" name="Default suite" finished-at="2023-03-11T11:16:19 IST" duration-ms="22865">
    <groups>
    </groups>
    <test started-at="2023-03-11T11:15:57 IST" name="Default test" finished-at="2023-03-11T11:16:19 IST" duration-ms="22865">
      <class name="actitiime.basicTestscripts.ToVerifyHomePageTitle">
        <test-method is-config="true" signature="bsConfig()[pri:0, instance:actitiime.basicTestscripts.ToVerifyHomePageTitle@52b1beb6]" started-at="2023-03-11T11:15:57 IST" name="bsConfig" finished-at="2023-03-11T11:15:57 IST" duration-ms="21" status="PASS">
          <reporter-output>
          </reporter-output>
        </test-method> <!-- bsConfig -->
        <test-method is-config="true" signature="bcConfig()[pri:0, instance:actitiime.basicTestscripts.ToVerifyHomePageTitle@52b1beb6]" started-at="2023-03-11T11:15:57 IST" name="bcConfig" finished-at="2023-03-11T11:16:10 IST" duration-ms="13126" status="PASS">
          <reporter-output>
          </reporter-output>
        </test-method> <!-- bcConfig -->
        <test-method is-config="true" signature="bmConfig()[pri:0, instance:actitiime.basicTestscripts.ToVerifyHomePageTitle@52b1beb6]" started-at="2023-03-11T11:16:10 IST" name="bmConfig" finished-at="2023-03-11T11:16:10 IST" duration-ms="622" status="PASS">
          <reporter-output>
          </reporter-output>
        </test-method> <!-- bmConfig -->
        <test-method signature="verifyHomePageTest()[pri:0, instance:actitiime.basicTestscripts.ToVerifyHomePageTitle@52b1beb6]" started-at="2023-03-11T11:16:10 IST" name="verifyHomePageTest" finished-at="2023-03-11T11:16:16 IST" duration-ms="5219" status="PASS">
          <reporter-output>
          </reporter-output>
        </test-method> <!-- verifyHomePageTest -->
        <test-method is-config="true" signature="amConfig()[pri:0, instance:actitiime.basicTestscripts.ToVerifyHomePageTitle@52b1beb6]" started-at="2023-03-11T11:16:16 IST" name="amConfig" finished-at="2023-03-11T11:16:18 IST" duration-ms="2760" status="PASS">
          <reporter-output>
          </reporter-output>
        </test-method> <!-- amConfig -->
        <test-method is-config="true" signature="acConfig()[pri:0, instance:actitiime.basicTestscripts.ToVerifyHomePageTitle@52b1beb6]" started-at="2023-03-11T11:16:18 IST" name="acConfig" finished-at="2023-03-11T11:16:19 IST" duration-ms="1060" status="PASS">
          <reporter-output>
          </reporter-output>
        </test-method> <!-- acConfig -->
        <test-method is-config="true" signature="asConfig()[pri:0, instance:actitiime.basicTestscripts.ToVerifyHomePageTitle@52b1beb6]" started-at="2023-03-11T11:16:20 IST" name="asConfig" finished-at="2023-03-11T11:16:20 IST" duration-ms="1" status="PASS">
          <reporter-output>
          </reporter-output>
        </test-method> <!-- asConfig -->
      </class> <!-- actitiime.basicTestscripts.ToVerifyHomePageTitle -->
    </test> <!-- Default test -->
  </suite> <!-- Default suite -->
</testng-results>
